09:04:58.432 [INFO] [org.gradle.launcher.daemon.server.Daemon] start() called on daemon - DefaultDaemonContext[uid=a053659b-94f0-430c-a4e0-bd313a6a5ce2,javaHome=/usr/lib/jvm/java-8-oracle,daemonRegistryDir=/src/gradle/daemon,pid=155,idleTimeout=10800000,daemonOpts=-XX:MaxPermSize=256m,-XX:+HeapDumpOnOutOfMemoryError,-Xmx1024m,-Dfile.encoding=US-ASCII,-Duser.country=US,-Duser.language=en,-Duser.variant]
09:04:58.439 [DEBUG] [org.gradle.launcher.daemon.server.DaemonStateCoordinator] updating lastActivityAt to 1493283898439
09:04:58.448 [DEBUG] [org.gradle.messaging.remote.internal.inet.InetAddressFactory] Adding IP addresses for network interface eth0
09:04:58.449 [DEBUG] [org.gradle.messaging.remote.internal.inet.InetAddressFactory] Is this a loopback interface? false
09:04:58.449 [DEBUG] [org.gradle.messaging.remote.internal.inet.InetAddressFactory] Is this a multicast interface? true
09:04:58.450 [DEBUG] [org.gradle.messaging.remote.internal.inet.InetAddressFactory] Adding remote address /fe80:0:0:0:42:acff:fe11:2%eth0
09:04:58.450 [DEBUG] [org.gradle.messaging.remote.internal.inet.InetAddressFactory] Adding remote address /172.17.0.2
09:04:58.451 [DEBUG] [org.gradle.messaging.remote.internal.inet.InetAddressFactory] Adding remote multicast interface eth0
09:04:58.451 [DEBUG] [org.gradle.messaging.remote.internal.inet.InetAddressFactory] Adding IP addresses for network interface lo
09:04:58.452 [DEBUG] [org.gradle.messaging.remote.internal.inet.InetAddressFactory] Is this a loopback interface? true
09:04:58.452 [DEBUG] [org.gradle.messaging.remote.internal.inet.InetAddressFactory] Is this a multicast interface? false
09:04:58.452 [DEBUG] [org.gradle.messaging.remote.internal.inet.InetAddressFactory] Adding loopback address /0:0:0:0:0:0:0:1%lo
09:04:58.453 [DEBUG] [org.gradle.messaging.remote.internal.inet.InetAddressFactory] Adding loopback address /127.0.0.1
09:04:58.455 [DEBUG] [org.gradle.messaging.remote.internal.inet.TcpIncomingConnector] Listening on [4790eb3e-1f76-44bd-bf96-17968adf6d3c port:42119, addresses:[/0:0:0:0:0:0:0:1%lo, /127.0.0.1]].
09:04:58.458 [DEBUG] [org.gradle.launcher.daemon.server.Daemon] Daemon starting at: Thu Apr 27 09:04:58 UTC 2017, with address: [4790eb3e-1f76-44bd-bf96-17968adf6d3c port:42119, addresses:[/0:0:0:0:0:0:0:1%lo, /127.0.0.1]]
09:04:58.458 [INFO] [org.gradle.launcher.daemon.server.DomainRegistryUpdater] Advertising the daemon address to the clients: [4790eb3e-1f76-44bd-bf96-17968adf6d3c port:42119, addresses:[/0:0:0:0:0:0:0:1%lo, /127.0.0.1]]
09:04:58.459 [DEBUG] [org.gradle.launcher.daemon.server.DomainRegistryUpdater] Advertised daemon context: DefaultDaemonContext[uid=a053659b-94f0-430c-a4e0-bd313a6a5ce2,javaHome=/usr/lib/jvm/java-8-oracle,daemonRegistryDir=/src/gradle/daemon,pid=155,idleTimeout=10800000,daemonOpts=-XX:MaxPermSize=256m,-XX:+HeapDumpOnOutOfMemoryError,-Xmx1024m,-Dfile.encoding=US-ASCII,-Duser.country=US,-Duser.language=en,-Duser.variant]
09:04:58.460 [DEBUG] [org.gradle.launcher.daemon.registry.PersistentDaemonRegistry] Storing daemon address: [4790eb3e-1f76-44bd-bf96-17968adf6d3c port:42119, addresses:[/0:0:0:0:0:0:0:1%lo, /127.0.0.1]], context: DefaultDaemonContext[uid=a053659b-94f0-430c-a4e0-bd313a6a5ce2,javaHome=/usr/lib/jvm/java-8-oracle,daemonRegistryDir=/src/gradle/daemon,pid=155,idleTimeout=10800000,daemonOpts=-XX:MaxPermSize=256m,-XX:+HeapDumpOnOutOfMemoryError,-Xmx1024m,-Dfile.encoding=US-ASCII,-Duser.country=US,-Duser.language=en,-Duser.variant]
09:04:58.467 [DEBUG] [org.gradle.cache.internal.DefaultFileLockManager] Waiting to acquire exclusive lock on daemon addresses registry.
09:04:58.469 [DEBUG] [org.gradle.cache.internal.DefaultFileLockManager] Lock acquired.
09:04:58.471 [DEBUG] [org.gradle.cache.internal.DefaultFileLockManager] Releasing lock on daemon addresses registry.
09:04:58.472 [DEBUG] [org.gradle.cache.internal.DefaultFileLockManager] Waiting to acquire exclusive lock on daemon addresses registry.
09:04:58.473 [DEBUG] [org.gradle.cache.internal.DefaultFileLockManager] Lock acquired.
09:04:58.489 [DEBUG] [org.gradle.cache.internal.DefaultFileLockManager] Releasing lock on daemon addresses registry.
09:04:58.490 [LIFECYCLE] [org.gradle.launcher.daemon.server.Daemon] Daemon server started.
09:04:58.491 [DEBUG] [org.gradle.launcher.daemon.bootstrap.DaemonStartupCommunication] Completed writing the daemon greeting. Closing streams...
09:04:58.492 [DEBUG] [org.gradle.launcher.daemon.server.Daemon] requestStopOnIdleTimeout(10800000 MILLISECONDS) called on daemon
09:04:58.493 [DEBUG] [org.gradle.launcher.daemon.server.DaemonStateCoordinator] Idle timeout: waiting for daemon to stop or be idle for 10800000ms
09:04:58.494 [DEBUG] [org.gradle.launcher.daemon.server.DaemonStateCoordinator] Daemon is idle, sleeping until state change or idle timeout at Thu Apr 27 12:04:58 UTC 2017
09:04:58.520 [DEBUG] [org.gradle.messaging.remote.internal.inet.TcpIncomingConnector] Accepted connection from /0:0:0:0:0:0:0:1:59121 to /0:0:0:0:0:0:0:1:42119.
09:04:58.556 [DEBUG] [org.gradle.launcher.daemon.server.SynchronizedDispatchConnection] thread 15: received class org.gradle.launcher.daemon.protocol.Build
09:04:58.557 [DEBUG] [org.gradle.launcher.daemon.server.DefaultDaemonConnection] Received non-IO message from client: Build{id=faf77b01-3710-4fc9-87a7-3eebc08322c9.1, currentDir=/src}
09:04:58.557 [INFO] [org.gradle.launcher.daemon.server.DefaultIncomingConnectionHandler] Received command: Build{id=faf77b01-3710-4fc9-87a7-3eebc08322c9.1, currentDir=/src}.
09:04:58.558 [DEBUG] [org.gradle.launcher.daemon.server.DefaultIncomingConnectionHandler] Starting executing command: Build{id=faf77b01-3710-4fc9-87a7-3eebc08322c9.1, currentDir=/src} with connection: socket connection from /0:0:0:0:0:0:0:1:42119 to /0:0:0:0:0:0:0:1:59121.
09:04:58.564 [DEBUG] [org.gradle.launcher.daemon.server.DaemonStateCoordinator] Command execution: started DaemonCommandExecution[command = Build{id=faf77b01-3710-4fc9-87a7-3eebc08322c9.1, currentDir=/src}, connection = org.gradle.launcher.daemon.server.DefaultDaemonConnection@6d6d5bcb] after 0.0 minutes of idle
09:04:58.565 [INFO] [org.gradle.launcher.daemon.server.DomainRegistryUpdater] Marking the daemon as busy, address: [4790eb3e-1f76-44bd-bf96-17968adf6d3c port:42119, addresses:[/0:0:0:0:0:0:0:1%lo, /127.0.0.1]]
09:04:58.566 [DEBUG] [org.gradle.launcher.daemon.registry.PersistentDaemonRegistry] Marking busy by address: [4790eb3e-1f76-44bd-bf96-17968adf6d3c port:42119, addresses:[/0:0:0:0:0:0:0:1%lo, /127.0.0.1]]
09:04:58.567 [DEBUG] [org.gradle.cache.internal.DefaultFileLockManager] Waiting to acquire exclusive lock on daemon addresses registry.
09:04:58.567 [DEBUG] [org.gradle.cache.internal.DefaultFileLockManager] Lock acquired.
09:04:58.571 [DEBUG] [org.gradle.cache.internal.DefaultFileLockManager] Releasing lock on daemon addresses registry.
09:04:58.571 [DEBUG] [org.gradle.launcher.daemon.server.DaemonStateCoordinator] updating lastActivityAt to 1493283898571
09:04:58.572 [DEBUG] [org.gradle.launcher.daemon.server.DaemonStateCoordinator] Daemon is busy, sleeping until state changes.
09:04:58.572 [INFO] [org.gradle.launcher.daemon.server.exec.StartBuildOrRespondWithBusy] Daemon is about to start building Build{id=faf77b01-3710-4fc9-87a7-3eebc08322c9.1, currentDir=/src}. Dispatching build started information...
09:04:58.573 [DEBUG] [org.gradle.launcher.daemon.server.SynchronizedDispatchConnection] thread 17: dispatching class org.gradle.launcher.daemon.protocol.BuildStarted
09:04:58.580 [DEBUG] [org.gradle.launcher.daemon.server.exec.EstablishBuildEnvironment] Configuring env variables: {PATH=/usr/local/sbin:/usr/local/bin:/usr/sbin:/usr/bin:/sbin:/bin:/usr/local/android-sdk-linux/tools:/usr/local/android-sdk-linux/platform-tools, JAVA_HOME=/usr/lib/jvm/java-8-oracle, OLDPWD=/src/platforms/android, TERM=xterm, XFILESEARCHPATH=/usr/dt/app-defaults/%L/Dt, ANDROID_HOME=/usr/local/android-sdk-linux, DEBIAN_FRONTEND=noninteractive, GRADLE_USER_HOME=/src/gradle, HOSTNAME=d41d6509a3d8, NLSPATH=/usr/dt/lib/nls/msg/%L/%N.cat, PWD=/src, HOME=/root, SHLVL=0}
09:04:58.589 [INFO] [org.gradle.launcher.daemon.server.exec.LogToClient] About to start relaying all logs to the client via the connection.
09:04:58.590 [INFO] [org.gradle.launcher.daemon.server.exec.LogToClient] The client will now receive all logging from the daemon (pid: 155). The daemon log file: /src/gradle/daemon/2.2.1/daemon-155.out.log
09:04:58.593 [DEBUG] [org.gradle.launcher.daemon.server.exec.ExecuteBuild] The daemon has started executing the build.
09:04:58.594 [INFO] [org.gradle.launcher.daemon.server.exec.ExecuteBuild] Executing build with daemon context: DefaultDaemonContext[uid=a053659b-94f0-430c-a4e0-bd313a6a5ce2,javaHome=/usr/lib/jvm/java-8-oracle,daemonRegistryDir=/src/gradle/daemon,pid=155,idleTimeout=10800000,daemonOpts=-XX:MaxPermSize=256m,-XX:+HeapDumpOnOutOfMemoryError,-Xmx1024m,-Dfile.encoding=US-ASCII,-Duser.country=US,-Duser.language=en,-Duser.variant]
Download https://repo1.maven.org/maven2/com/android/tools/build/gradle/1.0.0/gradle-1.0.0.pom
Download https://repo1.maven.org/maven2/com/android/tools/build/builder/1.0.0/builder-1.0.0.pom
Download https://repo1.maven.org/maven2/com/android/tools/lint/lint/24.0.0/lint-24.0.0.pom
Download https://repo1.maven.org/maven2/net/sf/proguard/proguard-gradle/5.1/proguard-gradle-5.1.pom
Download https://repo1.maven.org/maven2/net/sf/proguard/proguard-parent/5.1/proguard-parent-5.1.pom
Download https://repo1.maven.org/maven2/com/android/tools/sdk-common/24.0.0/sdk-common-24.0.0.pom
Download https://repo1.maven.org/maven2/org/bouncycastle/bcprov-jdk15on/1.48/bcprov-jdk15on-1.48.pom
Download https://repo1.maven.org/maven2/com/squareup/javawriter/2.5.0/javawriter-2.5.0.pom
Download https://repo1.maven.org/maven2/org/sonatype/oss/oss-parent/7/oss-parent-7.pom
Download https://repo1.maven.org/maven2/com/android/tools/common/24.0.0/common-24.0.0.pom
Download https://repo1.maven.org/maven2/com/android/tools/build/builder-test-api/1.0.0/builder-test-api-1.0.0.pom
Download https://repo1.maven.org/maven2/com/android/tools/ddms/ddmlib/24.0.0/ddmlib-24.0.0.pom
Download https://repo1.maven.org/maven2/com/android/tools/build/manifest-merger/24.0.0/manifest-merger-24.0.0.pom
Download https://repo1.maven.org/maven2/com/android/tools/build/builder-model/1.0.0/builder-model-1.0.0.pom
Download https://repo1.maven.org/maven2/com/android/tools/sdklib/24.0.0/sdklib-24.0.0.pom
Download https://repo1.maven.org/maven2/org/bouncycastle/bcpkix-jdk15on/1.48/bcpkix-jdk15on-1.48.pom
Download https://repo1.maven.org/maven2/com/android/tools/lint/lint-checks/24.0.0/lint-checks-24.0.0.pom
Download https://repo1.maven.org/maven2/org/eclipse/jdt/core/compiler/ecj/4.2.2/ecj-4.2.2.pom
Download https://repo1.maven.org/maven2/net/sf/proguard/proguard-base/5.1/proguard-base-5.1.pom
Download https://repo1.maven.org/maven2/com/google/guava/guava/17.0/guava-17.0.pom
Download https://repo1.maven.org/maven2/com/google/guava/guava-parent/17.0/guava-parent-17.0.pom
Download https://repo1.maven.org/maven2/net/sf/kxml/kxml2/2.3.0/kxml2-2.3.0.pom
Download https://repo1.maven.org/maven2/com/android/tools/layoutlib/layoutlib-api/24.0.0/layoutlib-api-24.0.0.pom
Download https://repo1.maven.org/maven2/org/apache/httpcomponents/httpclient/4.1.1/httpclient-4.1.1.pom
Download https://repo1.maven.org/maven2/org/apache/httpcomponents/httpcomponents-client/4.1.1/httpcomponents-client-4.1.1.pom
Download https://repo1.maven.org/maven2/org/apache/httpcomponents/project/4.1.1/project-4.1.1.pom
Download https://repo1.maven.org/maven2/org/apache/httpcomponents/httpmime/4.1/httpmime-4.1.pom
Download https://repo1.maven.org/maven2/org/apache/httpcomponents/httpcomponents-client/4.1/httpcomponents-client-4.1.pom
Download https://repo1.maven.org/maven2/com/android/tools/dvlib/24.0.0/dvlib-24.0.0.pom
Download https://repo1.maven.org/maven2/org/apache/commons/commons-compress/1.8.1/commons-compress-1.8.1.pom
Download https://repo1.maven.org/maven2/org/apache/commons/commons-parent/33/commons-parent-33.pom
Download https://repo1.maven.org/maven2/org/apache/apache/13/apache-13.pom
Download https://repo1.maven.org/maven2/com/android/tools/lint/lint-api/24.0.0/lint-api-24.0.0.pom
Download https://repo1.maven.org/maven2/org/ow2/asm/asm-analysis/4.0/asm-analysis-4.0.pom
Download https://repo1.maven.org/maven2/org/ow2/asm/asm-parent/4.0/asm-parent-4.0.pom
Download https://repo1.maven.org/maven2/org/ow2/ow2/1.3/ow2-1.3.pom
Download https://repo1.maven.org/maven2/org/apache/httpcomponents/httpcore/4.1/httpcore-4.1.pom
Download https://repo1.maven.org/maven2/org/apache/httpcomponents/httpcomponents-core/4.1/httpcomponents-core-4.1.pom
Download https://repo1.maven.org/maven2/commons-logging/commons-logging/1.1.1/commons-logging-1.1.1.pom
Download https://repo1.maven.org/maven2/org/apache/commons/commons-parent/5/commons-parent-5.pom
Download https://repo1.maven.org/maven2/org/apache/apache/4/apache-4.pom
Download https://repo1.maven.org/maven2/commons-codec/commons-codec/1.4/commons-codec-1.4.pom
Download https://repo1.maven.org/maven2/org/apache/commons/commons-parent/11/commons-parent-11.pom
Download https://repo1.maven.org/maven2/org/ow2/asm/asm/4.0/asm-4.0.pom
Download https://repo1.maven.org/maven2/com/android/tools/external/lombok/lombok-ast/0.2.2/lombok-ast-0.2.2.pom
Download https://repo1.maven.org/maven2/org/ow2/asm/asm-tree/4.0/asm-tree-4.0.pom
Download https://repo1.maven.org/maven2/com/android/tools/build/gradle/1.0.0/gradle-1.0.0.jar
Download https://repo1.maven.org/maven2/com/android/tools/build/builder/1.0.0/builder-1.0.0.jar
Download https://repo1.maven.org/maven2/com/android/tools/lint/lint/24.0.0/lint-24.0.0.jar
Download https://repo1.maven.org/maven2/net/sf/proguard/proguard-gradle/5.1/proguard-gradle-5.1.jar
Download https://repo1.maven.org/maven2/com/android/tools/sdk-common/24.0.0/sdk-common-24.0.0.jar
Download https://repo1.maven.org/maven2/org/bouncycastle/bcprov-jdk15on/1.48/bcprov-jdk15on-1.48.jar
Download https://repo1.maven.org/maven2/com/squareup/javawriter/2.5.0/javawriter-2.5.0.jar
Download https://repo1.maven.org/maven2/com/android/tools/common/24.0.0/common-24.0.0.jar
Download https://repo1.maven.org/maven2/com/android/tools/build/builder-test-api/1.0.0/builder-test-api-1.0.0.jar
Download https://repo1.maven.org/maven2/com/android/tools/ddms/ddmlib/24.0.0/ddmlib-24.0.0.jar
Download https://repo1.maven.org/maven2/com/android/tools/build/manifest-merger/24.0.0/manifest-merger-24.0.0.jar
Download https://repo1.maven.org/maven2/com/android/tools/build/builder-model/1.0.0/builder-model-1.0.0.jar
Download https://repo1.maven.org/maven2/com/android/tools/sdklib/24.0.0/sdklib-24.0.0.jar
Download https://repo1.maven.org/maven2/org/bouncycastle/bcpkix-jdk15on/1.48/bcpkix-jdk15on-1.48.jar
Download https://repo1.maven.org/maven2/com/android/tools/lint/lint-checks/24.0.0/lint-checks-24.0.0.jar
Download https://repo1.maven.org/maven2/org/eclipse/jdt/core/compiler/ecj/4.2.2/ecj-4.2.2.jar
Download https://repo1.maven.org/maven2/net/sf/proguard/proguard-base/5.1/proguard-base-5.1.jar
Download https://repo1.maven.org/maven2/com/google/guava/guava/17.0/guava-17.0.jar
Download https://repo1.maven.org/maven2/net/sf/kxml/kxml2/2.3.0/kxml2-2.3.0.jar
Download https://repo1.maven.org/maven2/com/android/tools/layoutlib/layoutlib-api/24.0.0/layoutlib-api-24.0.0.jar
Download https://repo1.maven.org/maven2/org/apache/httpcomponents/httpclient/4.1.1/httpclient-4.1.1.jar
Download https://repo1.maven.org/maven2/org/apache/httpcomponents/httpmime/4.1/httpmime-4.1.jar
Download https://repo1.maven.org/maven2/com/android/tools/dvlib/24.0.0/dvlib-24.0.0.jar
Download https://repo1.maven.org/maven2/org/apache/commons/commons-compress/1.8.1/commons-compress-1.8.1.jar
Download https://repo1.maven.org/maven2/com/android/tools/lint/lint-api/24.0.0/lint-api-24.0.0.jar
Download https://repo1.maven.org/maven2/org/ow2/asm/asm-analysis/4.0/asm-analysis-4.0.jar
Download https://repo1.maven.org/maven2/org/apache/httpcomponents/httpcore/4.1/httpcore-4.1.jar
Download https://repo1.maven.org/maven2/commons-logging/commons-logging/1.1.1/commons-logging-1.1.1.jar
Download https://repo1.maven.org/maven2/commons-codec/commons-codec/1.4/commons-codec-1.4.jar
Download https://repo1.maven.org/maven2/org/ow2/asm/asm/4.0/asm-4.0.jar
Download https://repo1.maven.org/maven2/com/android/tools/external/lombok/lombok-ast/0.2.2/lombok-ast-0.2.2.jar
Download https://repo1.maven.org/maven2/org/ow2/asm/asm-tree/4.0/asm-tree-4.0.jar
:preBuild
:compileDebugNdk
:preDebugBuild
:checkDebugManifest
:CordovaLib:compileLint
:CordovaLib:copyDebugLint UP-TO-DATE
:CordovaLib:mergeDebugProguardFiles
:CordovaLib:preBuild
:CordovaLib:preDebugBuild
:CordovaLib:checkDebugManifest
:CordovaLib:prepareDebugDependencies
:CordovaLib:compileDebugAidl
:CordovaLib:compileDebugRenderscript
:CordovaLib:generateDebugBuildConfig
:CordovaLib:generateDebugAssets UP-TO-DATE
:CordovaLib:mergeDebugAssets
:CordovaLib:generateDebugResValues
:CordovaLib:generateDebugResources
:CordovaLib:packageDebugResources
:CordovaLib:processDebugManifest
:CordovaLib:processDebugResources
:CordovaLib:generateDebugSources
:CordovaLib:compileDebugJavaNote: Some input files use or override a deprecated API.
Note: Recompile with -Xlint:deprecation for details.

:CordovaLib:processDebugJavaRes UP-TO-DATE
:CordovaLib:packageDebugJar
:CordovaLib:compileDebugNdk
:CordovaLib:packageDebugJniLibs UP-TO-DATE
:CordovaLib:packageDebugLocalJar UP-TO-DATE
:CordovaLib:packageDebugRenderscript UP-TO-DATE
:CordovaLib:bundleDebug
:prepareAndroidCordovaLibUnspecifiedDebugLibrary
:prepareDebugDependencies
:compileDebugAidl
:compileDebugRenderscript
:generateDebugBuildConfig
:generateDebugAssets UP-TO-DATE
:mergeDebugAssets
:generateDebugResValues
:generateDebugResources
:mergeDebugResources
:processDebugManifest
:processDebugResources
:generateDebugSources
:compileDebugJava
:preDexDebug
:dexDebug
:processDebugJavaRes UP-TO-DATE
:validateDebugSigning
:packageDebug
:zipalignDebug
:assembleDebug
:cdvBuildDebug

BUILD SUCCESSFUL

Total time: 28.668 secs
09:05:21.151 [DEBUG] [org.gradle.cache.internal.DefaultFileLockManager] Releasing lock on buildscript class cache for settings file '/src/platforms/android/settings.gradle' (/src/gradle/caches/2.2.1/scripts/settings_ek59pn8wqr8cucdzfydq4z1hj/SettingsScript/buildscript).
09:05:21.151 [DEBUG] [org.gradle.cache.internal.DefaultFileLockManager] Releasing lock on no_buildscript class cache for settings file '/src/platforms/android/settings.gradle' (/src/gradle/caches/2.2.1/scripts/settings_ek59pn8wqr8cucdzfydq4z1hj/SettingsScript/no_buildscript).
09:05:21.152 [DEBUG] [org.gradle.cache.internal.DefaultFileLockManager] Releasing lock on buildscript class cache for build file '/src/platforms/android/build.gradle' (/src/gradle/caches/2.2.1/scripts/build_etgv2kkpixwmzsoz3cmvdk68c/ProjectScript/buildscript).
09:05:21.152 [DEBUG] [org.gradle.cache.internal.DefaultFileLockManager] Releasing lock on no_buildscript class cache for build file '/src/platforms/android/build.gradle' (/src/gradle/caches/2.2.1/scripts/build_etgv2kkpixwmzsoz3cmvdk68c/ProjectScript/no_buildscript).
09:05:21.152 [DEBUG] [org.gradle.cache.internal.DefaultFileLockManager] Releasing lock on buildscript class cache for script '/src/platforms/android/CordovaLib/cordova.gradle' (/src/gradle/caches/2.2.1/scripts/cordova_8npwgxc89zkyr6i078p6dn4ah/DefaultScript/buildscript).
09:05:21.152 [DEBUG] [org.gradle.cache.internal.DefaultFileLockManager] Releasing lock on no_buildscript class cache for script '/src/platforms/android/CordovaLib/cordova.gradle' (/src/gradle/caches/2.2.1/scripts/cordova_8npwgxc89zkyr6i078p6dn4ah/DefaultScript/no_buildscript).
09:05:21.153 [DEBUG] [org.gradle.cache.internal.DefaultFileLockManager] Releasing lock on buildscript class cache for build file '/src/platforms/android/CordovaLib/build.gradle' (/src/gradle/caches/2.2.1/scripts/build_6murzpcmv6gxo0b49yvpjniuk/ProjectScript/buildscript).
09:05:21.153 [DEBUG] [org.gradle.cache.internal.DefaultFileLockManager] Releasing lock on no_buildscript class cache for build file '/src/platforms/android/CordovaLib/build.gradle' (/src/gradle/caches/2.2.1/scripts/build_6murzpcmv6gxo0b49yvpjniuk/ProjectScript/no_buildscript).
09:05:21.153 [DEBUG] [org.gradle.api.internal.tasks.compile.daemon.CompilerDaemonManager] Stopping 0 compiler daemon(s).
09:05:21.153 [INFO] [org.gradle.api.internal.tasks.compile.daemon.CompilerDaemonManager] Stopped 0 compiler daemon(s).
09:05:21.154 [DEBUG] [org.gradle.cache.internal.btree.BTreePersistentIndexedCache] Closing cache fileHashes.bin (/src/platforms/android/.gradle/2.2.1/taskArtifacts/fileHashes.bin)
09:05:21.155 [DEBUG] [org.gradle.cache.internal.btree.BTreePersistentIndexedCache] Closing cache fileSnapshots.bin (/src/platforms/android/.gradle/2.2.1/taskArtifacts/fileSnapshots.bin)
09:05:21.155 [DEBUG] [org.gradle.cache.internal.btree.BTreePersistentIndexedCache] Closing cache outputFileStates.bin (/src/platforms/android/.gradle/2.2.1/taskArtifacts/outputFileStates.bin)
09:05:21.155 [DEBUG] [org.gradle.cache.internal.btree.BTreePersistentIndexedCache] Closing cache taskArtifacts.bin (/src/platforms/android/.gradle/2.2.1/taskArtifacts/taskArtifacts.bin)
09:05:21.156 [DEBUG] [org.gradle.cache.internal.DefaultFileLockManager] Releasing lock on task history cache (/src/platforms/android/.gradle/2.2.1/taskArtifacts).
09:05:21.156 [DEBUG] [org.gradle.cache.internal.DefaultCacheAccess] Cache Plugin Resolution Cache (/src/gradle/caches/2.2.1/plugin-resolution) was closed 0 times.
09:05:21.157 [DEBUG] [org.gradle.cache.internal.btree.BTreePersistentIndexedCache] Closing cache artifact-at-url.bin (/src/gradle/caches/modules-2/metadata-2.14/artifact-at-url.bin)
09:05:21.157 [DEBUG] [org.gradle.cache.internal.btree.BTreePersistentIndexedCache] Closing cache artifact-at-repository.bin (/src/gradle/caches/modules-2/metadata-2.14/artifact-at-repository.bin)
09:05:21.157 [DEBUG] [org.gradle.cache.internal.btree.BTreePersistentIndexedCache] Closing cache module-versions.bin (/src/gradle/caches/modules-2/metadata-2.14/module-versions.bin)
09:05:21.157 [DEBUG] [org.gradle.cache.internal.btree.BTreePersistentIndexedCache] Closing cache module-metadata.bin (/src/gradle/caches/modules-2/metadata-2.14/module-metadata.bin)
09:05:21.158 [DEBUG] [org.gradle.cache.internal.DefaultFileLockManager] Releasing lock on artifact cache (/src/gradle/caches/modules-2).
09:05:21.158 [DEBUG] [org.gradle.api.internal.artifacts.ivyservice.ivyresolve.memcache.InMemoryCachedRepositoryFactory] In-memory dependency metadata cache closed. Repos cached: 6, cache instances: 1, modules served from cache: 10, artifacts: 10
09:05:21.159 [DEBUG] [org.gradle.api.internal.artifacts.ivyservice.resolveengine.store.CachedStoreFactory] Resolution result cache closed. Cache reads: 0, disk reads: 2 (avg: 0.001 secs, total: 0.002 secs)
09:05:21.160 [DEBUG] [org.gradle.api.internal.artifacts.ivyservice.resolveengine.store.CachedStoreFactory] Resolved configuration cache closed. Cache reads: 0, disk reads: 0 (avg: 0.0 secs, total: 0.0 secs)
09:05:21.160 [DEBUG] [org.gradle.api.internal.artifacts.ivyservice.resolveengine.store.ResolutionResultsStoreFactory] Deleted 2 resolution results binary files in 0.001 secs
09:05:21.161 [DEBUG] [org.gradle.launcher.daemon.server.exec.ExecuteBuild] The daemon has finished executing the build.
09:05:21.383 [DEBUG] [org.gradle.launcher.daemon.server.DaemonStateCoordinator] Daemon is busy, sleeping until state changes.
09:05:21.383 [DEBUG] [org.gradle.launcher.daemon.server.DaemonStateCoordinator] Command execution: finished waiting for DaemonCommandExecution[command = Build{id=faf77b01-3710-4fc9-87a7-3eebc08322c9.1, currentDir=/src}, connection = org.gradle.launcher.daemon.server.DefaultDaemonConnection@6d6d5bcb]. Result org.gradle.launcher.daemon.server.DaemonStateCoordinator@5f9cb2f1 with state Running
09:05:21.385 [DEBUG] [org.gradle.launcher.daemon.server.DaemonStateCoordinator] Command execution: completed DaemonCommandExecution[command = Build{id=faf77b01-3710-4fc9-87a7-3eebc08322c9.1, currentDir=/src}, connection = org.gradle.launcher.daemon.server.DefaultDaemonConnection@6d6d5bcb]
09:05:21.386 [DEBUG] [org.gradle.launcher.daemon.server.DaemonStateCoordinator] updating lastActivityAt to 1493283921386
09:05:21.386 [INFO] [org.gradle.launcher.daemon.server.DomainRegistryUpdater] Marking the daemon as idle, address: [4790eb3e-1f76-44bd-bf96-17968adf6d3c port:42119, addresses:[/0:0:0:0:0:0:0:1%lo, /127.0.0.1]]
09:05:21.386 [DEBUG] [org.gradle.launcher.daemon.registry.PersistentDaemonRegistry] Marking idle by address: [4790eb3e-1f76-44bd-bf96-17968adf6d3c port:42119, addresses:[/0:0:0:0:0:0:0:1%lo, /127.0.0.1]]
09:05:21.387 [DEBUG] [org.gradle.cache.internal.DefaultFileLockManager] Waiting to acquire exclusive lock on daemon addresses registry.
09:05:21.387 [DEBUG] [org.apache.http.impl.conn.PoolingClientConnectionManager] Connection manager is shutting down
09:05:21.387 [DEBUG] [org.gradle.cache.internal.DefaultFileLockManager] Lock acquired.
09:05:21.388 [DEBUG] [org.apache.http.impl.conn.DefaultClientConnection] Connection 0.0.0.0:57811<->151.101.60.209:443 closed
09:05:21.388 [DEBUG] [org.apache.http.impl.conn.DefaultClientConnection] Connection 0.0.0.0:57811<->151.101.60.209:443 closed
09:05:21.389 [DEBUG] [org.apache.http.impl.conn.PoolingClientConnectionManager] Connection manager shut down
09:05:21.389 [DEBUG] [org.gradle.cache.internal.DefaultFileLockManager] Releasing lock on daemon addresses registry.
09:05:21.390 [DEBUG] [org.gradle.launcher.daemon.server.DaemonStateCoordinator] Daemon is idle, sleeping until state change or idle timeout at Thu Apr 27 12:05:21 UTC 2017
09:05:21.390 [DEBUG] [org.gradle.launcher.daemon.server.exec.ReturnResult] Daemon is dispatching the build result: DaemonCommandResult[type=Success, value=null]
09:05:21.390 [DEBUG] [org.gradle.launcher.daemon.server.SynchronizedDispatchConnection] thread 14: dispatching class org.gradle.launcher.daemon.protocol.Success
09:05:21.391 [DEBUG] [org.gradle.launcher.daemon.server.DefaultIncomingConnectionHandler] Finishing executing command: Build{id=faf77b01-3710-4fc9-87a7-3eebc08322c9.1, currentDir=/src}
09:05:21.398 [DEBUG] [org.gradle.launcher.daemon.server.SynchronizedDispatchConnection] thread 15: received class org.gradle.launcher.daemon.protocol.CloseInput
09:05:21.398 [DEBUG] [org.gradle.launcher.daemon.server.DefaultDaemonConnection] Received IO message from client: CloseInput[id=faf77b01-3710-4fc9-87a7-3eebc08322c9.2]
09:05:21.399 [DEBUG] [org.gradle.launcher.daemon.server.SynchronizedDispatchConnection] thread 15: received class org.gradle.launcher.daemon.protocol.Finished
09:05:21.399 [DEBUG] [org.gradle.launcher.daemon.server.DefaultDaemonConnection] Received non-IO message from client: org.gradle.launcher.daemon.protocol.Finished@3e8b72f9
09:05:21.400 [DEBUG] [org.gradle.launcher.daemon.server.DefaultIncomingConnectionHandler] Received finished message: org.gradle.launcher.daemon.protocol.Finished@3e8b72f9
09:05:21.400 [DEBUG] [org.gradle.launcher.daemon.server.SynchronizedDispatchConnection] thread 15: received null
09:05:21.400 [DEBUG] [org.gradle.launcher.daemon.server.SynchronizedDispatchConnection] thread 14: stopping connection
09:05:21.400 [DEBUG] [org.gradle.launcher.daemon.server.DefaultDaemonConnection] Received end-of-input from client.
09:05:21.401 [DEBUG] [org.gradle.launcher.daemon.server.SynchronizedDispatchConnection] thread 14: stopping connection
